<?xml version="1.0" encoding="UTF-8"?>
<!-- Generated by org.testng.reporters.JUnitReportReporter -->
<testsuite hostname="LAPTOP-CLSA8OGL" failures="0" tests="2" name="NewPackage.NewTest" time="0.064" errors="0" timestamp="2025-10-15T11:16:08 EDT" skipped="0">
  <testcase classname="NewPackage.NewTest" name="testlogin1" time="0.060"/>
  <testcase classname="NewPackage.NewTest" name="testlogin2" time="0.004"/>
</testsuite> <!-- NewPackage.NewTest -->
