<?xml version="1.0" encoding="UTF-8"?>
<!-- Generated by org.testng.reporters.JUnitReportReporter -->
<testsuite hostname="LAPTOP-CLSA8OGL" failures="0" tests="1" name="NewPackage.AutomationCode" time="4.091" errors="0" timestamp="2025-10-16T10:24:48 EDT" skipped="0">
  <testcase classname="NewPackage.AutomationCode" name="f" time="4.091"/>
</testsuite> <!-- NewPackage.AutomationCode -->
