<?xml version="1.0" encoding="UTF-8"?>
<!-- Generated by org.testng.reporters.JUnitReportReporter -->
<testsuite hostname="LAPTOP-CLSA8OGL" failures="0" tests="1" name="NewPackage.AutomationCodeTest" time="6.895" errors="0" timestamp="2025-10-16T12:14:01 EDT" skipped="0">
  <testcase classname="NewPackage.AutomationCodeTest" name="f" time="6.895"/>
  <system-out/>
</testsuite> <!-- NewPackage.AutomationCodeTest -->
